<?xml version="1.0" encoding="UTF-8"?>
<!-- Generated by org.testng.reporters.JUnitReportReporter -->
<testsuite hostname="Imagonem.local" name="org.technbolts.util.ParametrizedStringTest" tests="52" failures="0" timestamp="29 Jan 2012 13:57:24 GMT" time="0,141" errors="0">
  <testcase name="complete_withParameter_beforeParameter_invalidLiteral" time="0,003" classname="org.technbolts.util.ParametrizedStringTest"/>
  <testcase name="complete_with2Parameters_before2ndParameter_ex1" time="0,001" classname="org.technbolts.util.ParametrizedStringTest"/>
  <testcase name="weightChain_noParameter_ex2" time="0,001" classname="org.technbolts.util.ParametrizedStringTest"/>
  <testcase name="weightChain_withParameter_beforeParameter_insideLiteral_ex2" time="0,000" classname="org.technbolts.util.ParametrizedStringTest"/>
  <testcase name="matches_withOneParameter" time="0,000" classname="org.technbolts.util.ParametrizedStringTest"/>
  <testcase name="complete_noParameter_ex1" time="0,000" classname="org.technbolts.util.ParametrizedStringTest"/>
  <testcase name="weightChain_withParameter_beforeParameter_fullLiteral" time="0,002" classname="org.technbolts.util.ParametrizedStringTest"/>
  <testcase name="matches_withTwoParameters" time="0,000" classname="org.technbolts.util.ParametrizedStringTest"/>
  <testcase name="getTokens_ex1" time="0,001" classname="org.technbolts.util.ParametrizedStringTest"/>
  <testcase name="weightChain_withParameter_beforeParameter_invalidLiteral" time="0,001" classname="org.technbolts.util.ParametrizedStringTest"/>
  <testcase name="weightChain_withParameter_insideParameter" time="0,001" classname="org.technbolts.util.ParametrizedStringTest"/>
  <testcase name="getParameters" time="0,001" classname="org.technbolts.util.ParametrizedStringTest"/>
  <testcase name="acceptsInputPart_with2Parameters_inside2ndParameter" time="0,001" classname="org.technbolts.util.ParametrizedStringTest"/>
  <testcase name="getTokens" time="0,001" classname="org.technbolts.util.ParametrizedStringTest"/>
  <testcase name="complete_withParameter_insideParameter" time="0,001" classname="org.technbolts.util.ParametrizedStringTest"/>
  <testcase name="weightChain_withNewlines_noParameterBefore" time="0,000" classname="org.technbolts.util.ParametrizedStringTest"/>
  <testcase name="matches_noParameter" time="0,082" classname="org.technbolts.util.ParametrizedStringTest"/>
  <testcase name="acceptsInputPart_withParameter_beforeParameter_insideLiteral_ex2" time="0,001" classname="org.technbolts.util.ParametrizedStringTest"/>
  <testcase name="weightChain_withNewlines" time="0,000" classname="org.technbolts.util.ParametrizedStringTest"/>
  <testcase name="acceptsInputPart_withParameter_insideParameter" time="0,001" classname="org.technbolts.util.ParametrizedStringTest"/>
  <testcase name="acceptsInputPart_with2Parameters_before2ndParameter" time="0,000" classname="org.technbolts.util.ParametrizedStringTest"/>
  <testcase name="acceptsInputPart_withParameter_beforeParameter_fullLiteral" time="0,002" classname="org.technbolts.util.ParametrizedStringTest"/>
  <testcase name="complete_noParameter_ex2" time="0,001" classname="org.technbolts.util.ParametrizedStringTest"/>
  <testcase name="acceptsInputPart_withParameter_afterParameter" time="0,001" classname="org.technbolts.util.ParametrizedStringTest"/>
  <testcase name="complete_withParameter_beforeParameter_insideLiteral_ex1" time="0,001" classname="org.technbolts.util.ParametrizedStringTest"/>
  <testcase name="acceptsInputPart_withParameter_beforeParameter_invalidLiteral" time="0,000" classname="org.technbolts.util.ParametrizedStringTest"/>
  <testcase name="complete_withParameter_fullMatch" time="0,000" classname="org.technbolts.util.ParametrizedStringTest"/>
  <testcase name="weightChain_with2Parameters_fullMatch" time="0,000" classname="org.technbolts.util.ParametrizedStringTest"/>
  <testcase name="acceptsInputPart_withParameter_beforeParameter_insideLiteral_ex1" time="0,002" classname="org.technbolts.util.ParametrizedStringTest"/>
  <testcase name="weightChain_withParameter_afterParameter" time="0,013" classname="org.technbolts.util.ParametrizedStringTest"/>
  <testcase name="weightChain_noParameter_ex1" time="0,001" classname="org.technbolts.util.ParametrizedStringTest"/>
  <testcase name="weightChain_with2Parameters_before2ndParameter_ex2" time="0,000" classname="org.technbolts.util.ParametrizedStringTest"/>
  <testcase name="acceptsInputPart_with2Parameters_after2ndParameter" time="0,001" classname="org.technbolts.util.ParametrizedStringTest"/>
  <testcase name="acceptsInputPart_withParameter_fullMatch" time="0,009" classname="org.technbolts.util.ParametrizedStringTest"/>
  <testcase name="complete_noParameter_ex3" time="0,001" classname="org.technbolts.util.ParametrizedStringTest"/>
  <testcase name="complete_withParameter_afterParameter" time="0,000" classname="org.technbolts.util.ParametrizedStringTest"/>
  <testcase name="complete_with2Parameters_fullMatch" time="0,001" classname="org.technbolts.util.ParametrizedStringTest"/>
  <testcase name="acceptsInputPart_with2Parameters_fullMatch" time="0,001" classname="org.technbolts.util.ParametrizedStringTest"/>
  <testcase name="acceptsInputPart_noParameter" time="0,005" classname="org.technbolts.util.ParametrizedStringTest"/>
  <testcase name="complete_with2Parameters_after2ndParameter" time="0,000" classname="org.technbolts.util.ParametrizedStringTest"/>
  <testcase name="weightChain_ex1" time="0,000" classname="org.technbolts.util.ParametrizedStringTest"/>
  <testcase name="weightChain_withParameter_fullMatch" time="0,000" classname="org.technbolts.util.ParametrizedStringTest"/>
  <testcase name="weightChain_withParameter_beforeParameter_insideLiteral_ex1" time="0,000" classname="org.technbolts.util.ParametrizedStringTest"/>
  <testcase name="weightChain_with2Parameters_after2ndParameter" time="0,001" classname="org.technbolts.util.ParametrizedStringTest"/>
  <testcase name="complete_withParameter_beforeParameter_insideLiteral_ex2" time="0,000" classname="org.technbolts.util.ParametrizedStringTest"/>
  <testcase name="weightChain_with2Parameters_inside2ndParameter" time="0,000" classname="org.technbolts.util.ParametrizedStringTest"/>
  <testcase name="complete_with2Parameters_before2ndParameter_ex2" time="0,001" classname="org.technbolts.util.ParametrizedStringTest"/>
  <testcase name="complete_withParameter_beforeParameter_fullLiteral" time="0,000" classname="org.technbolts.util.ParametrizedStringTest"/>
  <testcase name="weightChain_with2Parameters_before2ndParameter_ex1" time="0,001" classname="org.technbolts.util.ParametrizedStringTest"/>
  <testcase name="weightChain_noParameter_ex3" time="0,001" classname="org.technbolts.util.ParametrizedStringTest"/>
  <testcase name="complete_with2Parameters_inside2ndParameter" time="0,000" classname="org.technbolts.util.ParametrizedStringTest"/>
  <testcase name="getParameters_parameterAtEnd" time="0,000" classname="org.technbolts.util.ParametrizedStringTest"/>
</testsuite>
