<?xml version="1.0" encoding="UTF-8"?>
<!-- Generated by org.testng.reporters.JUnitReportReporter -->
<testsuite hostname="Imagonem.local" name="org.technbolts.jbehave.parser.ContentWithIgnorableEmitterTest" tests="2" failures="0" timestamp="29 Jan 2012 13:57:24 GMT" time="0,013" errors="0">
  <testcase name="useCase_exampleTableWithComment_case1" time="0,001" classname="org.technbolts.jbehave.parser.ContentWithIgnorableEmitterTest"/>
  <testcase name="useCase_exampleTableWithComment_case2" time="0,012" classname="org.technbolts.jbehave.parser.ContentWithIgnorableEmitterTest"/>
</testsuite>
