<?xml version="1.0" encoding="UTF-8"?>
<!-- Generated by org.testng.reporters.JUnitReportReporter -->
<testsuite hostname="Imagonem.local" name="org.technbolts.eclipse.jbehave.StepParserTest" tests="5" failures="0" timestamp="29 Jan 2012 13:57:24 GMT" time="0,222" errors="0">
  <testcase name="usecase_ex05_exampleTable" time="0,018" classname="org.technbolts.eclipse.jbehave.StepParserTest"/>
  <testcase name="usecase_ex04_exampleTable" time="0,031" classname="org.technbolts.eclipse.jbehave.StepParserTest"/>
  <testcase name="usecase_ex2" time="0,061" classname="org.technbolts.eclipse.jbehave.StepParserTest"/>
  <testcase name="usecase_ex3" time="0,029" classname="org.technbolts.eclipse.jbehave.StepParserTest"/>
  <testcase name="usecase_ex1" time="0,083" classname="org.technbolts.eclipse.jbehave.StepParserTest"/>
</testsuite>
