<?xml version="1.0" encoding="UTF-8"?>
<!-- Generated by org.testng.reporters.JUnitReportReporter -->
<testsuite hostname="Imagonem.local" name="org.technbolts.jbehave.eclipse.editors.story.scanner.StepScannerStyledTest" tests="1" failures="0" timestamp="29 Jan 2012 13:57:24 GMT" time="0,236" errors="0">
  <testcase name="useCase_ex1" time="0,236" classname="org.technbolts.jbehave.eclipse.editors.story.scanner.StepScannerStyledTest"/>
</testsuite>
