<?xml version="1.0" encoding="UTF-8"?>
<!-- Generated by org.testng.reporters.JUnitReportReporter -->
<testsuite hostname="Imagonem.local" name="org.technbolts.util.RegexTest" tests="2" failures="0" timestamp="29 Jan 2012 13:57:24 GMT" time="0,004" errors="0">
  <testcase name="usecaseEx1" time="0,001" classname="org.technbolts.util.RegexTest"/>
  <testcase name="usecaseEx2" time="0,003" classname="org.technbolts.util.RegexTest"/>
</testsuite>
