<?xml version="1.0" encoding="UTF-8"?>
<!-- Generated by org.testng.reporters.JUnitReportReporter -->
<testsuite hostname="Imagonem.local" name="org.technbolts.eclipse.util.TemplateUtilsTest" tests="1" failures="0" timestamp="29 Jan 2012 13:57:24 GMT" time="0,002" errors="0">
  <testcase name="templatizeVariables_" time="0,002" classname="org.technbolts.eclipse.util.TemplateUtilsTest"/>
</testsuite>
