<?xml version="1.0" encoding="UTF-8"?>
<!-- Generated by org.testng.reporters.JUnitReportReporter -->
<testsuite hostname="Imagonem.local" name="org.technbolts.util.CharTreeTest" tests="2" failures="0" timestamp="29 Jan 2012 13:57:24 GMT" time="0,002" errors="0">
  <testcase name="lookup" time="0,001" classname="org.technbolts.util.CharTreeTest"/>
  <testcase name="lookup_missing" time="0,001" classname="org.technbolts.util.CharTreeTest"/>
</testsuite>
