<?xml version="1.0" encoding="UTF-8"?>
<!-- Generated by org.testng.reporters.JUnitReportReporter -->
<testsuite hostname="Imagonem.local" name="org.technbolts.jbehave.support.JBKeywordTest" tests="1" failures="0" timestamp="29 Jan 2012 13:57:24 GMT" time="0,032" errors="0">
  <testcase name="asString" time="0,032" classname="org.technbolts.jbehave.support.JBKeywordTest"/>
</testsuite>
