<?xml version="1.0" encoding="UTF-8"?>
<!-- Generated by org.testng.reporters.JUnitReportReporter -->
<testsuite hostname="Imagonem.local" name="org.technbolts.util.ProcessGroupTest" tests="1" failures="0" timestamp="29 Jan 2012 13:57:24 GMT" time="2,535" errors="0">
  <testcase name="usecase" time="2,535" classname="org.technbolts.util.ProcessGroupTest"/>
</testsuite>
