<?xml version="1.0" encoding="UTF-8"?>
<!-- Generated by org.testng.reporters.JUnitReportReporter -->
<testsuite hostname="Imagonem.local" name="org.technbolts.util.StringsTest" tests="2" failures="0" timestamp="29 Jan 2012 13:57:24 GMT" time="0,008" errors="0">
  <testcase name="getSubLineUntilOffset" time="0,007" classname="org.technbolts.util.StringsTest"/>
  <testcase name="tet_removeTrailingNewline" time="0,001" classname="org.technbolts.util.StringsTest"/>
</testsuite>
