<?xml version="1.0" encoding="UTF-8"?>
<!-- Generated by org.testng.reporters.JUnitReportReporter -->
<testsuite hostname="Imagonem.local" name="org.technbolts.jbehave.parser.StoryParserTest" tests="6" failures="0" timestamp="29 Jan 2012 13:57:24 GMT" time="0,021" errors="0">
  <testcase name="parse_case5_exampleTable" time="0,002" classname="org.technbolts.jbehave.parser.StoryParserTest"/>
  <testcase name="parse_case4" time="0,003" classname="org.technbolts.jbehave.parser.StoryParserTest"/>
  <testcase name="parse_case1" time="0,002" classname="org.technbolts.jbehave.parser.StoryParserTest"/>
  <testcase name="parse_case6_exampleTable" time="0,003" classname="org.technbolts.jbehave.parser.StoryParserTest"/>
  <testcase name="parse_case7_exampleTable" time="0,011" classname="org.technbolts.jbehave.parser.StoryParserTest"/>
  <testcase name="parse_case2" time="0,000" classname="org.technbolts.jbehave.parser.StoryParserTest"/>
</testsuite>
