<?xml version="1.0" encoding="UTF-8"?>
<!-- Generated by org.testng.reporters.JUnitReportReporter -->
<testsuite hostname="Imagonem.local" name="org.technbolts.util.StringMatcherTest" tests="6" failures="0" timestamp="29 Jan 2012 13:57:24 GMT" time="0,056" errors="0">
  <testcase name="one_include_one_exclude" time="0,001" classname="org.technbolts.util.StringMatcherTest"/>
  <testcase name="no_include_two_excludes" time="0,003" classname="org.technbolts.util.StringMatcherTest"/>
  <testcase name="one_include_no_excludes" time="0,000" classname="org.technbolts.util.StringMatcherTest"/>
  <testcase name="no_include_one_exclude" time="0,051" classname="org.technbolts.util.StringMatcherTest"/>
  <testcase name="no_includes_no_excludes" time="0,001" classname="org.technbolts.util.StringMatcherTest"/>
  <testcase name="two_includes_no_excludes" time="0,000" classname="org.technbolts.util.StringMatcherTest"/>
</testsuite>
