<?xml version="1.0" encoding="UTF-8"?>
<!-- Generated by org.testng.reporters.JUnitReportReporter -->
<testsuite hostname="Imagonem.local" name="org.technbolts.jbehave.parser.ConstantsTest" tests="13" failures="0" timestamp="29 Jan 2012 13:57:24 GMT" time="0,017" errors="0">
  <testcase name="removeComment_onlySeveralComments" time="0,001" classname="org.technbolts.jbehave.parser.ConstantsTest"/>
  <testcase name="removeComment_ex1" time="0,001" classname="org.technbolts.jbehave.parser.ConstantsTest"/>
  <testcase name="removeComment_onlyOneComment" time="0,001" classname="org.technbolts.jbehave.parser.ConstantsTest"/>
  <testcase name="containsExampleTable_withTable_edgeCase1" time="0,001" classname="org.technbolts.jbehave.parser.ConstantsTest"/>
  <testcase name="containsExampleTable_noTableButComment" time="0,001" classname="org.technbolts.jbehave.parser.ConstantsTest"/>
  <testcase name="tokenize_" time="0,001" classname="org.technbolts.jbehave.parser.ConstantsTest"/>
  <testcase name="removeComment_noComment" time="0,001" classname="org.technbolts.jbehave.parser.ConstantsTest"/>
  <testcase name="containsExampleTable_withTable" time="0,002" classname="org.technbolts.jbehave.parser.ConstantsTest"/>
  <testcase name="containsExampleTable_noTable" time="0,002" classname="org.technbolts.jbehave.parser.ConstantsTest"/>
  <testcase name="splitLine_startsWithNL" time="0,002" classname="org.technbolts.jbehave.parser.ConstantsTest"/>
  <testcase name="splitLine" time="0,002" classname="org.technbolts.jbehave.parser.ConstantsTest"/>
  <testcase name="containsExampleTable_withTable_edgeCase2" time="0,001" classname="org.technbolts.jbehave.parser.ConstantsTest"/>
  <testcase name="containsExampleTable_withTableAndComment" time="0,001" classname="org.technbolts.jbehave.parser.ConstantsTest"/>
</testsuite>
